<?xml version="1.0" encoding="UTF-8"?>
<beans xmlns="http://www.springframework.org/schema/beans"
	xmlns:xsi="http://www.w3.org/2001/XMLSchema-instance" xmlns:aop="http://www.springframework.org/schema/aop"
	xmlns:tx="http://www.springframework.org/schema/tx"
	xmlns:jdbc="http://www.springframework.org/schema/jdbc"
	xsi:schemaLocation="
    http://www.springframework.org/schema/beans http://www.springframework.org/schema/beans/spring-beans-2.0.xsd
    http://www.springframework.org/schema/tx http://www.springframework.org/schema/tx/spring-tx-2.0.xsd
    http://www.springframework.org/schema/jdbc http://www.springframework.org/schema/jdbc/spring-jdbc.xsd
    http://www.springframework.org/schema/aop http://www.springframework.org/schema/aop/spring-aop-2.0.xsd">

	<!-- business objects -->
	<bean id="exampleService" class="uoc.edu.services.ExampleServiceImpl">
		<property name="exampleDAO" ref="exampleDAO" />
	</bean>

	<!-- DAO objects -->
	<bean id="exampleDAO" class="uoc.edu.model.dao.ExampleDAOImpl" >
		<property name="sessionFactory" ref="sessionFactory" />
	</bean>

	<!-- post-processors for all standard config annotations -->
	<bean class="org.springframework.orm.jpa.support.PersistenceAnnotationBeanPostProcessor" />
	
	<!-- The singleton hibernate session factory -->
	<bean id="sessionFactory"
		class="org.springframework.orm.hibernate3.annotation.AnnotationSessionFactoryBean">
		<property name="dataSource" ref="dataSource" />
		<property name="hibernateProperties">
			<props>
				<prop key="hibernate.dialect">org.hibernate.dialect.Oracle10gDialect</prop>
				<prop key="hibernate.show_sql">${devMode}</prop>
			</props>
		</property>
		<property name="packagesToScan" value="uoc.edu.model.vo"/>
	</bean>

	<!-- Spring's hibernate transaction manager -->
	<bean id="transactionManager"
		class="org.springframework.orm.hibernate3.HibernateTransactionManager">
		<property name="sessionFactory" ref="sessionFactory" />
	</bean>

	<!-- So classes/functions with @Transactional get a hibernate txn -->
	<tx:annotation-driven />

	<!-- test data source -->
	<bean id="dataSource" class="org.apache.commons.dbcp.BasicDataSource" destroy-method="close">
		<property name="driverClassName" value="oracle.jdbc.driver.OracleDriver"/>
		<property name="url" value="jdbc:oracle:thin:@irlanda.uoc.es:1520:CUBA"/>
		<property name="username" value="pelp"/>
		<property name="password" value="pelp"/>
	</bean>

	<jdbc:initialize-database data-source="dataSource" ignore-failures="ALL">
		<jdbc:script/>
	</jdbc:initialize-database>
</beans>

